<?xml version="1.0" encoding="UTF-8" ?>
<testsuite tests="4" failures="0" name="com.microsoft.java.debug.core.adapter.formatter.NullObjectFormatterTest" time="0.098" errors="0" skipped="0">
  <properties>
[...]
</properties>
  <testcase classname="com.microsoft.java.debug.core.adapter.formatter.NullObjectFormatterTest" name="testAcceptType" time="0.094"/>
  <testcase classname="com.microsoft.java.debug.core.adapter.formatter.NullObjectFormatterTest" name="testToString" time="0"/>
  <testcase classname="com.microsoft.java.debug.core.adapter.formatter.NullObjectFormatterTest" name="testValueOf" time="0"/>
  <testcase classname="com.microsoft.java.debug.core.adapter.formatter.NullObjectFormatterTest" name="testValueOfNotSupported" time="0.004"/>
</testsuite>